2025-12-04 18:29:00 | DEBUG | repo=system-int | action=pull
2025-08-04 11:44:00 | INFO | repo=system-int | action=commit
2025-06-08 15:46:00 | WARN | repo=system-int | action=test | passed=true
2025-09-25 07:52:00 | DEBUG | repo=system-int | action=commit
2025-11-02 20:10:00 | WARN | repo=system-int | action=commit
2025-05-07 21:32:00 | INFO | repo=system-int | action=commit
2025-04-05 18:29:00 | DEBUG | repo=system-int | action=commit
2025-10-11 14:57:00 | WARN | repo=system-int | action=commit
2025-06-25 19:00:00 | INFO | repo=system-int | action=commit
2025-09-26 12:32:00 | DEBUG | repo=system-int | action=commit
2025-11-02 17:30:00 | DEBUG | repo=system-int | action=commit
2025-09-10 21:01:00 | WARN | repo=system-int | action=commit
2025-03-15 18:31:00 | DEBUG | repo=system-int | action=commit
2025-07-03 18:57:00 | INFO | repo=system-int | action=commit
2025-10-27 15:10:00 | WARN | repo=system-int | action=commit
2025-11-03 19:33:00 | INFO | repo=system-int | action=commit
2025-02-27 20:36:00 | DEBUG | repo=system-int | action=pull
2025-06-11 15:19:00 | INFO | repo=system-int | action=commit
2025-03-23 21:31:00 | WARN | repo=system-int | action=commit
2025-01-12 17:00:00 | WARN | repo=system-int | action=commit
2025-08-13 11:22:00 | WARN | repo=system-int | action=commit
2025-02-19 07:44:00 | INFO | repo=system-int | action=commit
2025-07-15 08:59:00 | INFO | repo=system-int | action=edit | files=5
2025-02-03 12:09:00 | DEBUG | repo=system-int | action=commit
2025-03-06 07:53:00 | INFO | repo=system-int | action=commit
